# Java VM: OpenJDK 64-Bit Server VM Temurin-21.0.10+7 (21.0.10+7-LTS, mixed mode, sharing, tiered, compressed oops, compressed class ptrs, parallel gc, windows-amd64)
GC Precious Log:
 CardTable entry size: 512
 CPUs: 8 total, 8 available
 Memory: 7859M
 Large Page Support: Disabled
 NUMA Support: Disabled
 Compressed Oops: Enabled (32-bit)
 Alignments: Space 512K, Generation 512K, Heap 2M
 Heap Min Capacity: 100M
 Heap Initial Capacity: 100M
 Heap Max Capacity: 2G
 Pre-touch: Disabled
 Parallel Workers: 8
Heap:
 PSYoungGen      total 5632K, used 4304K [0x00000000d5580000, 0x00000000d5e00000, 0x0000000100000000)
  eden space 5120K, 74% used [0x00000000d5580000,0x00000000d593d5a8,0x00000000d5a80000)
  from space 512K, 92% used [0x00000000d5d00000,0x00000000d5d76d00,0x00000000d5d80000)
  to   space 512K, 0% used [0x00000000d5d80000,0x00000000d5d80000,0x00000000d5e00000)
 ParOldGen       total 1220096K, used 1219844K [0x0000000080000000, 0x00000000ca780000, 0x00000000d5580000)
  object space 1220096K, 99% used [0x0000000080000000,0x00000000ca7413d0,0x00000000ca780000)
 Metaspace       used 132843K, committed 135040K, reserved 1179648K
  class space    used 15013K, committed 16000K, reserved 1048576K
GC Heap History (20 events):
Event: 405.871 GC heap before
{Heap before GC invocations=3157 (full 5):
 PSYoungGen      total 6144K, used 5376K [0x00000000d5580000, 0x00000000d5e00000, 0x0000000100000000)
  eden space 5120K, 100% used [0x00000000d5580000,0x00000000d5a80000,0x00000000d5a80000)
  from space 1024K, 25% used [0x00000000d5c80000,0x00000000d5cc0000,0x00000000d5d80000)
  to   space 512K, 0% used [0x00000000d5d80000,0x00000000d5d80000,0x00000000d5e00000)
 ParOldGen       total 1216000K, used 1215823K [0x0000000080000000, 0x00000000ca380000, 0x00000000d5580000)
  object space 1216000K, 99% used [0x0000000080000000,0x00000000ca353d00,0x00000000ca380000)
 Metaspace       used 132843K, committed 135040K, reserved 1179648K
  class space    used 15013K, committed 16000K, reserved 1048576K
}
Event: 405.878 GC heap after
{Heap after GC invocations=3157 (full 5):
 PSYoungGen      total 5632K, used 160K [0x00000000d5580000, 0x00000000d5e00000, 0x0000000100000000)
  eden space 5120K, 0% used [0x00000000d5580000,0x00000000d5580000,0x00000000d5a80000)
  from space 512K, 31% used [0x00000000d5d80000,0x00000000d5da8000,0x00000000d5e00000)
  to   space 512K, 0% used [0x00000000d5d00000,0x00000000d5d00000,0x00000000d5d80000)
 ParOldGen       total 1216000K, used 1215959K [0x0000000080000000, 0x00000000ca380000, 0x00000000d5580000)
  object space 1216000K, 99% used [0x0000000080000000,0x00000000ca375d00,0x00000000ca380000)
 Metaspace       used 132843K, committed 135040K, reserved 1179648K
  class space    used 15013K, committed 16000K, reserved 1048576K
}
Event: 406.675 GC heap before
{Heap before GC invocations=3158 (full 5):
 PSYoungGen      total 5632K, used 5225K [0x00000000d5580000, 0x00000000d5e00000, 0x0000000100000000)
  eden space 5120K, 98% used [0x00000000d5580000,0x00000000d5a724c0,0x00000000d5a80000)
  from space 512K, 31% used [0x00000000d5d80000,0x00000000d5da8000,0x00000000d5e00000)
  to   space 512K, 0% used [0x00000000d5d00000,0x00000000d5d00000,0x00000000d5d80000)
 ParOldGen       total 1216000K, used 1215959K [0x0000000080000000, 0x00000000ca380000, 0x00000000d5580000)
  object space 1216000K, 99% used [0x0000000080000000,0x00000000ca375d00,0x00000000ca380000)
 Metaspace       used 132843K, committed 135040K, reserved 1179648K
  class space    used 15013K, committed 16000K, reserved 1048576K
}
Event: 406.680 GC heap after
{Heap after GC invocations=3158 (full 5):
 PSYoungGen      total 5632K, used 320K [0x00000000d5580000, 0x00000000d5e00000, 0x0000000100000000)
  eden space 5120K, 0% used [0x00000000d5580000,0x00000000d5580000,0x00000000d5a80000)
  from space 512K, 62% used [0x00000000d5d00000,0x00000000d5d50000,0x00000000d5d80000)
  to   space 512K, 0% used [0x00000000d5d80000,0x00000000d5d80000,0x00000000d5e00000)
 ParOldGen       total 1218048K, used 1217512K [0x0000000080000000, 0x00000000ca580000, 0x00000000d5580000)
  object space 1218048K, 99% used [0x0000000080000000,0x00000000ca4fa060,0x00000000ca580000)
 Metaspace       used 132843K, committed 135040K, reserved 1179648K
  class space    used 15013K, committed 16000K, reserved 1048576K
}
Event: 406.713 GC heap before
{Heap before GC invocations=3159 (full 5):
 PSYoungGen      total 5632K, used 5440K [0x00000000d5580000, 0x00000000d5e00000, 0x0000000100000000)
  eden space 5120K, 100% used [0x00000000d5580000,0x00000000d5a80000,0x00000000d5a80000)
  from space 512K, 62% used [0x00000000d5d00000,0x00000000d5d50000,0x00000000d5d80000)
  to   space 512K, 0% used [0x00000000d5d80000,0x00000000d5d80000,0x00000000d5e00000)
 ParOldGen       total 1218048K, used 1217512K [0x0000000080000000, 0x00000000ca580000, 0x00000000d5580000)
  object space 1218048K, 99% used [0x0000000080000000,0x00000000ca4fa060,0x00000000ca580000)
 Metaspace       used 132843K, committed 135040K, reserved 1179648K
  class space    used 15013K, committed 16000K, reserved 1048576K
}
Event: 406.716 GC heap after
{Heap after GC invocations=3159 (full 5):
 PSYoungGen      total 5632K, used 96K [0x00000000d5580000, 0x00000000d5e00000, 0x0000000100000000)
  eden space 5120K, 0% used [0x00000000d5580000,0x00000000d5580000,0x00000000d5a80000)
  from space 512K, 18% used [0x00000000d5d80000,0x00000000d5d98000,0x00000000d5e00000)
  to   space 512K, 0% used [0x00000000d5d00000,0x00000000d5d00000,0x00000000d5d80000)
 ParOldGen       total 1218048K, used 1217700K [0x0000000080000000, 0x00000000ca580000, 0x00000000d5580000)
  object space 1218048K, 99% used [0x0000000080000000,0x00000000ca529070,0x00000000ca580000)
 Metaspace       used 132843K, committed 135040K, reserved 1179648K
  class space    used 15013K, committed 16000K, reserved 1048576K
}
Event: 407.160 GC heap before
{Heap before GC invocations=3160 (full 5):
 PSYoungGen      total 5632K, used 5216K [0x00000000d5580000, 0x00000000d5e00000, 0x0000000100000000)
  eden space 5120K, 100% used [0x00000000d5580000,0x00000000d5a80000,0x00000000d5a80000)
  from space 512K, 18% used [0x00000000d5d80000,0x00000000d5d98000,0x00000000d5e00000)
  to   space 512K, 0% used [0x00000000d5d00000,0x00000000d5d00000,0x00000000d5d80000)
 ParOldGen       total 1218048K, used 1217700K [0x0000000080000000, 0x00000000ca580000, 0x00000000d5580000)
  object space 1218048K, 99% used [0x0000000080000000,0x00000000ca529070,0x00000000ca580000)
 Metaspace       used 132843K, committed 135040K, reserved 1179648K
  class space    used 15013K, committed 16000K, reserved 1048576K
}
Event: 407.165 GC heap after
{Heap after GC invocations=3160 (full 5):
 PSYoungGen      total 5632K, used 192K [0x00000000d5580000, 0x00000000d5e00000, 0x0000000100000000)
  eden space 5120K, 0% used [0x00000000d5580000,0x00000000d5580000,0x00000000d5a80000)
  from space 512K, 37% used [0x00000000d5d00000,0x00000000d5d30000,0x00000000d5d80000)
  to   space 512K, 0% used [0x00000000d5d80000,0x00000000d5d80000,0x00000000d5e00000)
 ParOldGen       total 1218048K, used 1217732K [0x0000000080000000, 0x00000000ca580000, 0x00000000d5580000)
  object space 1218048K, 99% used [0x0000000080000000,0x00000000ca531070,0x00000000ca580000)
 Metaspace       used 132843K, committed 135040K, reserved 1179648K
  class space    used 15013K, committed 16000K, reserved 1048576K
}
Event: 407.239 GC heap before
{Heap before GC invocations=3161 (full 5):
 PSYoungGen      total 5632K, used 5294K [0x00000000d5580000, 0x00000000d5e00000, 0x0000000100000000)
  eden space 5120K, 99% used [0x00000000d5580000,0x00000000d5a7b808,0x00000000d5a80000)
  from space 512K, 37% used [0x00000000d5d00000,0x00000000d5d30000,0x00000000d5d80000)
  to   space 512K, 0% used [0x00000000d5d80000,0x00000000d5d80000,0x00000000d5e00000)
 ParOldGen       total 1218048K, used 1217732K [0x0000000080000000, 0x00000000ca580000, 0x00000000d5580000)
  object space 1218048K, 99% used [0x0000000080000000,0x00000000ca531070,0x00000000ca580000)
 Metaspace       used 132843K, committed 135040K, reserved 1179648K
  class space    used 15013K, committed 16000K, reserved 1048576K
}
Event: 407.242 GC heap after
{Heap after GC invocations=3161 (full 5):
 PSYoungGen      total 5632K, used 224K [0x00000000d5580000, 0x00000000d5e00000, 0x0000000100000000)
  eden space 5120K, 0% used [0x00000000d5580000,0x00000000d5580000,0x00000000d5a80000)
  from space 512K, 43% used [0x00000000d5d80000,0x00000000d5db8000,0x00000000d5e00000)
  to   space 512K, 0% used [0x00000000d5d00000,0x00000000d5d00000,0x00000000d5d80000)
 ParOldGen       total 1218048K, used 1217828K [0x0000000080000000, 0x00000000ca580000, 0x00000000d5580000)
  object space 1218048K, 99% used [0x0000000080000000,0x00000000ca549070,0x00000000ca580000)
 Metaspace       used 132843K, committed 135040K, reserved 1179648K
  class space    used 15013K, committed 16000K, reserved 1048576K
}
Event: 407.444 GC heap before
{Heap before GC invocations=3162 (full 5):
 PSYoungGen      total 5632K, used 5343K [0x00000000d5580000, 0x00000000d5e00000, 0x0000000100000000)
  eden space 5120K, 99% used [0x00000000d5580000,0x00000000d5a7ff70,0x00000000d5a80000)
  from space 512K, 43% used [0x00000000d5d80000,0x00000000d5db8000,0x00000000d5e00000)
  to   space 512K, 0% used [0x00000000d5d00000,0x00000000d5d00000,0x00000000d5d80000)
 ParOldGen       total 1218048K, used 1217828K [0x0000000080000000, 0x00000000ca580000, 0x00000000d5580000)
  object space 1218048K, 99% used [0x0000000080000000,0x00000000ca549070,0x00000000ca580000)
 Metaspace       used 132843K, committed 135040K, reserved 1179648K
  class space    used 15013K, committed 16000K, reserved 1048576K
}
Event: 407.448 GC heap after
{Heap after GC invocations=3162 (full 5):
 PSYoungGen      total 5632K, used 128K [0x00000000d5580000, 0x00000000d5e00000, 0x0000000100000000)
  eden space 5120K, 0% used [0x00000000d5580000,0x00000000d5580000,0x00000000d5a80000)
  from space 512K, 25% used [0x00000000d5d00000,0x00000000d5d20000,0x00000000d5d80000)
  to   space 512K, 0% used [0x00000000d5d80000,0x00000000d5d80000,0x00000000d5e00000)
 ParOldGen       total 1218048K, used 1217964K [0x0000000080000000, 0x00000000ca580000, 0x00000000d5580000)
  object space 1218048K, 99% used [0x0000000080000000,0x00000000ca56b070,0x00000000ca580000)
 Metaspace       used 132843K, committed 135040K, reserved 1179648K
  class space    used 15013K, committed 16000K, reserved 1048576K
}
Event: 407.995 GC heap before
{Heap before GC invocations=3163 (full 5):
 PSYoungGen      total 5632K, used 5162K [0x00000000d5580000, 0x00000000d5e00000, 0x0000000100000000)
  eden space 5120K, 98% used [0x00000000d5580000,0x00000000d5a6a9e0,0x00000000d5a80000)
  from space 512K, 25% used [0x00000000d5d00000,0x00000000d5d20000,0x00000000d5d80000)
  to   space 512K, 0% used [0x00000000d5d80000,0x00000000d5d80000,0x00000000d5e00000)
 ParOldGen       total 1218048K, used 1217964K [0x0000000080000000, 0x00000000ca580000, 0x00000000d5580000)
  object space 1218048K, 99% used [0x0000000080000000,0x00000000ca56b070,0x00000000ca580000)
 Metaspace       used 132843K, committed 135040K, reserved 1179648K
  class space    used 15013K, committed 16000K, reserved 1048576K
}
Event: 408.011 GC heap after
{Heap after GC invocations=3163 (full 5):
 PSYoungGen      total 5632K, used 288K [0x00000000d5580000, 0x00000000d5e00000, 0x0000000100000000)
  eden space 5120K, 0% used [0x00000000d5580000,0x00000000d5580000,0x00000000d5a80000)
  from space 512K, 56% used [0x00000000d5d80000,0x00000000d5dc8000,0x00000000d5e00000)
  to   space 512K, 0% used [0x00000000d5d00000,0x00000000d5d00000,0x00000000d5d80000)
 ParOldGen       total 1220096K, used 1219532K [0x0000000080000000, 0x00000000ca780000, 0x00000000d5580000)
  object space 1220096K, 99% used [0x0000000080000000,0x00000000ca6f33d0,0x00000000ca780000)
 Metaspace       used 132843K, committed 135040K, reserved 1179648K
  class space    used 15013K, committed 16000K, reserved 1048576K
}
Event: 408.063 GC heap before
{Heap before GC invocations=3164 (full 5):
 PSYoungGen      total 5632K, used 5394K [0x00000000d5580000, 0x00000000d5e00000, 0x0000000100000000)
  eden space 5120K, 99% used [0x00000000d5580000,0x00000000d5a7ca28,0x00000000d5a80000)
  from space 512K, 56% used [0x00000000d5d80000,0x00000000d5dc8000,0x00000000d5e00000)
  to   space 512K, 0% used [0x00000000d5d00000,0x00000000d5d00000,0x00000000d5d80000)
 ParOldGen       total 1220096K, used 1219532K [0x0000000080000000, 0x00000000ca780000, 0x00000000d5580000)
  object space 1220096K, 99% used [0x0000000080000000,0x00000000ca6f33d0,0x00000000ca780000)
 Metaspace       used 132843K, committed 135040K, reserved 1179648K
  class space    used 15013K, committed 16000K, reserved 1048576K
}
Event: 408.070 GC heap after
{Heap after GC invocations=3164 (full 5):
 PSYoungGen      total 5632K, used 160K [0x00000000d5580000, 0x00000000d5e00000, 0x0000000100000000)
  eden space 5120K, 0% used [0x00000000d5580000,0x00000000d5580000,0x00000000d5a80000)
  from space 512K, 31% used [0x00000000d5d00000,0x00000000d5d28000,0x00000000d5d80000)
  to   space 512K, 0% used [0x00000000d5d80000,0x00000000d5d80000,0x00000000d5e00000)
 ParOldGen       total 1220096K, used 1219724K [0x0000000080000000, 0x00000000ca780000, 0x00000000d5580000)
  object space 1220096K, 99% used [0x0000000080000000,0x00000000ca7233d0,0x00000000ca780000)
 Metaspace       used 132843K, committed 135040K, reserved 1179648K
  class space    used 15013K, committed 16000K, reserved 1048576K
}
Event: 408.884 GC heap before
{Heap before GC invocations=3165 (full 5):
 PSYoungGen      total 5632K, used 5280K [0x00000000d5580000, 0x00000000d5e00000, 0x0000000100000000)
  eden space 5120K, 100% used [0x00000000d5580000,0x00000000d5a80000,0x00000000d5a80000)
  from space 512K, 31% used [0x00000000d5d00000,0x00000000d5d28000,0x00000000d5d80000)
  to   space 512K, 0% used [0x00000000d5d80000,0x00000000d5d80000,0x00000000d5e00000)
 ParOldGen       total 1220096K, used 1219724K [0x0000000080000000, 0x00000000ca780000, 0x00000000d5580000)
  object space 1220096K, 99% used [0x0000000080000000,0x00000000ca7233d0,0x00000000ca780000)
 Metaspace       used 132843K, committed 135040K, reserved 1179648K
  class space    used 15013K, committed 16000K, reserved 1048576K
}
Event: 408.893 GC heap after
{Heap after GC invocations=3165 (full 5):
 PSYoungGen      total 5632K, used 256K [0x00000000d5580000, 0x00000000d5e00000, 0x0000000100000000)
  eden space 5120K, 0% used [0x00000000d5580000,0x00000000d5580000,0x00000000d5a80000)
  from space 512K, 50% used [0x00000000d5d80000,0x00000000d5dc0000,0x00000000d5e00000)
  to   space 512K, 0% used [0x00000000d5d00000,0x00000000d5d00000,0x00000000d5d80000)
 ParOldGen       total 1220096K, used 1219756K [0x0000000080000000, 0x00000000ca780000, 0x00000000d5580000)
  object space 1220096K, 99% used [0x0000000080000000,0x00000000ca72b3d0,0x00000000ca780000)
 Metaspace       used 132843K, committed 135040K, reserved 1179648K
  class space    used 15013K, committed 16000K, reserved 1048576K
}
Event: 409.665 GC heap before
{Heap before GC invocations=3166 (full 5):
 PSYoungGen      total 5632K, used 5376K [0x00000000d5580000, 0x00000000d5e00000, 0x0000000100000000)
  eden space 5120K, 100% used [0x00000000d5580000,0x00000000d5a80000,0x00000000d5a80000)
  from space 512K, 50% used [0x00000000d5d80000,0x00000000d5dc0000,0x00000000d5e00000)
  to   space 512K, 0% used [0x00000000d5d00000,0x00000000d5d00000,0x00000000d5d80000)
 ParOldGen       total 1220096K, used 1219756K [0x0000000080000000, 0x00000000ca780000, 0x00000000d5580000)
  object space 1220096K, 99% used [0x0000000080000000,0x00000000ca72b3d0,0x00000000ca780000)
 Metaspace       used 132843K, committed 135040K, reserved 1179648K
  class space    used 15013K, committed 16000K, reserved 1048576K
}
Event: 409.671 GC heap after
{Heap after GC invocations=3166 (full 5):
 PSYoungGen      total 5632K, used 475K [0x00000000d5580000, 0x00000000d5e00000, 0x0000000100000000)
  eden space 5120K, 0% used [0x00000000d5580000,0x00000000d5580000,0x00000000d5a80000)
  from space 512K, 92% used [0x00000000d5d00000,0x00000000d5d76d00,0x00000000d5d80000)
  to   space 512K, 0% used [0x00000000d5d80000,0x00000000d5d80000,0x00000000d5e00000)
 ParOldGen       total 1220096K, used 1219844K [0x0000000080000000, 0x00000000ca780000, 0x00000000d5580000)
  object space 1220096K, 99% used [0x0000000080000000,0x00000000ca7413d0,0x00000000ca780000)
 Metaspace       used 132843K, committed 135040K, reserved 1179648K
  class space    used 15013K, committed 16000K, reserved 1048576K
}

